{
  "RSpec": {
    "coverage": {
      "/home/ubuntu/Documents/workspace/rails/project-jobs/app/models/user.rb": [
        1,
        null,
        null,
        1,
        null,
        null
      ],
      "/home/ubuntu/Documents/workspace/rails/project-jobs/app/helpers/application_helper.rb": [
        1,
        1,
        22,
        null,
        null
      ],
      "/home/ubuntu/Documents/workspace/rails/project-jobs/app/models/category.rb": [
        1,
        1,
        1,
        null
      ],
      "/home/ubuntu/Documents/workspace/rails/project-jobs/app/controllers/categories_controller.rb": [
        1,
        1,
        1,
        null,
        1,
        1,
        null,
        null,
        1,
        null,
        null,
        1,
        2,
        null,
        null,
        1,
        2,
        2,
        1,
        1,
        null,
        1,
        1,
        null,
        null,
        null,
        1,
        null,
        null,
        1,
        1,
        1,
        1,
        null,
        0,
        0,
        null,
        null,
        null,
        1,
        1,
        3,
        null,
        null,
        1,
        7,
        null,
        null,
        null
      ],
      "/home/ubuntu/Documents/workspace/rails/project-jobs/app/controllers/application_controller.rb": [
        1,
        null,
        null,
        1,
        null
      ],
      "/home/ubuntu/Documents/workspace/rails/project-jobs/app/models/company.rb": [
        1,
        1,
        1,
        null,
        1,
        1,
        null
      ],
      "/home/ubuntu/Documents/workspace/rails/project-jobs/app/controllers/companies_controller.rb": [
        1,
        1,
        1,
        null,
        null,
        null,
        null,
        null,
        null,
        null,
        1,
        2,
        null,
        null,
        1,
        null,
        null,
        1,
        3,
        null,
        null,
        1,
        3,
        3,
        2,
        2,
        null,
        1,
        1,
        null,
        null,
        null,
        1,
        null,
        null,
        1,
        2,
        2,
        2,
        null,
        0,
        0,
        null,
        null,
        null,
        1,
        1,
        5,
        null,
        null,
        1,
        10,
        null,
        null,
        null
      ],
      "/home/ubuntu/Documents/workspace/rails/project-jobs/app/models/job.rb": [
        1,
        1,
        1,
        1,
        null,
        1,
        6,
        null,
        null
      ],
      "/home/ubuntu/Documents/workspace/rails/project-jobs/app/controllers/jobs_controller.rb": [
        1,
        1,
        1,
        1,
        null,
        1,
        null,
        1,
        3,
        null,
        null,
        1,
        null,
        null,
        1,
        3,
        null,
        null,
        1,
        3,
        3,
        1,
        1,
        null,
        2,
        2,
        null,
        null,
        null,
        1,
        null,
        null,
        1,
        2,
        2,
        2,
        null,
        0,
        0,
        null,
        null,
        null,
        1,
        1,
        1,
        null,
        null,
        1,
        1,
        5,
        null,
        null,
        1,
        0,
        null,
        null,
        1,
        8,
        null,
        null,
        1,
        10,
        10,
        null,
        null,
        null
      ],
      "/home/ubuntu/Documents/workspace/rails/project-jobs/app/controllers/home_controller.rb": [
        1,
        1,
        22,
        22,
        22,
        null,
        null
      ]
    },
    "timestamp": 1453639699
  }
}
