{
  "RSpec": {
    "coverage": {
      "/home/ubuntu/Documents/workspace/rails/project-jobs/app/models/user.rb": [
        1,
        null,
        null,
        1,
        null,
        null
      ],
      "/home/ubuntu/Documents/workspace/rails/project-jobs/app/helpers/application_helper.rb": [
        1,
        null
      ],
      "/home/ubuntu/Documents/workspace/rails/project-jobs/app/models/company.rb": [
        1,
        1,
        null
      ],
      "/home/ubuntu/Documents/workspace/rails/project-jobs/app/controllers/companies_controller.rb": [
        1,
        1,
        1,
        1,
        null,
        null,
        1,
        null,
        null,
        1,
        2,
        null,
        null,
        1,
        2,
        2,
        1,
        1,
        null,
        1,
        1,
        null,
        null,
        null,
        1,
        null,
        null,
        1,
        1,
        1,
        1,
        null,
        0,
        0,
        null,
        null,
        null,
        1,
        1,
        3,
        null,
        null,
        1,
        4,
        null,
        null,
        null
      ],
      "/home/ubuntu/Documents/workspace/rails/project-jobs/app/controllers/application_controller.rb": [
        1,
        null,
        null,
        1,
        null
      ],
      "/home/ubuntu/Documents/workspace/rails/project-jobs/app/controllers/home_controller.rb": [
        1,
        1,
        null,
        null,
        null
      ]
    },
    "timestamp": 1453429988
  }
}
